120 : 2022-05-20 01:32:35,222 : INFO : telemetry.main : Attempt start. Configuration directory [/home/odl_user/.azure].
120 : 2022-05-20 01:32:35,222 : INFO : telemetry.check : Positive: The /home/odl_user/.azure/telemetry.txt does not exist.
120 : 2022-05-20 01:32:35,223 : DEBUG : telemetry.note : acquiring lock
120 : 2022-05-20 01:32:35,223 : DEBUG : telemetry.note : acquired lock
120 : 2022-05-20 01:32:35,223 : INFO : telemetry.note : Update the note mtime to 2022-05-20 01:32:35.223310
120 : 2022-05-20 01:32:35,223 : WARNING : telemetry.note : Fail to parse or read the timestamp 'N/A' in the note file. Set the last send time to minimal. Reason: not readable
120 : 2022-05-20 01:32:35,223 : INFO : telemetry.records : No cache to be uploaded.
120 : 2022-05-20 01:32:35,223 : INFO : telemetry.client : Accumulated 0 events. Flush the clients.
120 : 2022-05-20 01:32:35,223 : INFO : telemetry.note : Update the last send in note to 0001-01-01 00:00:00
120 : 2022-05-20 01:32:35,224 : INFO : telemetry.note : Update the note mtime to 2022-05-20 01:32:35.223996
193 : 2022-05-20 02:03:20,609 : INFO : telemetry.main : Attempt start. Configuration directory [/home/odl_user/.azure].
193 : 2022-05-20 02:03:20,609 : INFO : telemetry.check : Returns Positive.
193 : 2022-05-20 02:03:20,609 : DEBUG : telemetry.note : acquiring lock
193 : 2022-05-20 02:03:20,609 : DEBUG : telemetry.note : acquired lock
193 : 2022-05-20 02:03:20,609 : INFO : telemetry.note : Update the note mtime to 2022-05-20 02:03:20.609802
193 : 2022-05-20 02:03:20,611 : WARNING : telemetry.note : Fail to parse or read the timestamp '1-01-01T00:00:00' in the note file. Set the last send time to minimal. Reason: time data '1-01-01T00:00:00' does not match format '%Y-%m-%dT%H:%M:%S'
193 : 2022-05-20 02:03:20,611 : INFO : telemetry.records : No cache to be uploaded.
193 : 2022-05-20 02:03:20,611 : INFO : telemetry.client : Accumulated 0 events. Flush the clients.
193 : 2022-05-20 02:03:20,611 : INFO : telemetry.note : Update the last send in note to 0001-01-01 00:00:00
193 : 2022-05-20 02:03:20,611 : INFO : telemetry.note : Update the note mtime to 2022-05-20 02:03:20.611765
